#
# A fatal error has been detected by the Java Runtime Environment:
#
#  Internal Error (nmethod.cpp:1836), pid=9048, tid=1796
#  Error: guarantee(cont_offset != 0,"unhandled implicit exception in compiled code")
#
# JRE version: 6.0_17-b04
# Java VM: Java HotSpot(TM) Client VM (14.3-b01 mixed mode windows-x86 )
# If you would like to submit a bug report, please visit:
#   http://java.sun.com/webapps/bugreport/crash.jsp
#

---------------  T H R E A D  ---------------

Current thread (0x22c4b000):  JavaThread "AWT-EventQueue-0" [_thread_in_Java, id=1796, stack(0x23ec0000,0x23f40000)]

Stack: [0x23ec0000,0x23f40000],  sp=0x23f3ecb8,  free space=507k
Native frames: (J=compiled Java code, j=interpreted, Vv=VM code, C=native code)
C  0x08b966b7
C  0x08a50b58
C  0x08b1647f
C  0x08b46d16
C  0x08b2307a
C  0x08b241df
C  0x08a9d167
C  0x08a9d1dd
C  0x08ac6290
C  0x08b80414
C  0x08b23e4c
C  0x7d919565
C  [KERNEL32.DLL+0x138f4]
C  [ntdll.dll+0x65de3]
C  [ntdll.dll+0x65dae]


---------------  P R O C E S S  ---------------

Java Threads: ( => current thread )
  0x22cfb400 JavaThread "AddressBar request queue" daemon [_thread_blocked, id=10184, stack(0x025a0000,0x02620000)]
  0x22cfa400 JavaThread "Code Analyzer updating thread" [_thread_blocked, id=6712, stack(0x020a0000,0x02120000)]
  0x22cf9000 JavaThread "Code Analyzer updating thread" [_thread_blocked, id=4140, stack(0x02020000,0x020a0000)]
  0x22cf8400 JavaThread "Code Analyzer updating thread" [_thread_blocked, id=12912, stack(0x01f60000,0x01fe0000)]
  0x22cfd800 JavaThread "Explorer NavigationContext request queue" daemon [_thread_blocked, id=5412, stack(0x021e0000,0x02260000)]
  0x22cfc000 JavaThread "Code Analyzer updating thread" [_thread_blocked, id=5656, stack(0x01400000,0x01480000)]
  0x22cf6800 JavaThread "Code Analyzer updating thread" [_thread_blocked, id=4412, stack(0x01ee0000,0x01f60000)]
  0x22cf8000 JavaThread "Swing-Shell" daemon [_thread_blocked, id=7148, stack(0x09720000,0x097a0000)]
  0x22cfc800 JavaThread "Foxtrot Multi Worker Thread Runner #1" daemon [_thread_blocked, id=8884, stack(0x01290000,0x01310000)]
  0x22cfbc00 JavaThread "Prefs Updater" daemon [_thread_blocked, id=8556, stack(0x00e70000,0x00ef0000)]
  0x22cfa800 JavaThread "Active Reference Queue Daemon" daemon [_thread_blocked, id=11160, stack(0x27a60000,0x27ae0000)]
  0x22cf9800 JavaThread "Timer-1" daemon [_thread_blocked, id=12868, stack(0x279a0000,0x27a20000)]
  0x22cf9c00 JavaThread "ClipboardMonitor Timer" daemon [_thread_blocked, id=852, stack(0x27870000,0x278f0000)]
  0x22cfb000 JavaThread "AddressBar directory emptiness poller" daemon [_thread_blocked, id=8500, stack(0x27470000,0x274f0000)]
  0x22cfcc00 JavaThread "Explorer Refresh Service 30601495" daemon [_thread_blocked, id=10464, stack(0x27370000,0x273f0000)]
  0x22cf7800 JavaThread "Thread-4" daemon [_thread_blocked, id=7812, stack(0x26f30000,0x26fb0000)]
  0x22cf7400 JavaThread "TimerQueue" daemon [_thread_blocked, id=748, stack(0x25190000,0x25210000)]
  0x22cf8c00 JavaThread "Thread-3" daemon [_thread_blocked, id=9712, stack(0x23f80000,0x24000000)]
=>0x22c4b000 JavaThread "AWT-EventQueue-0" [_thread_in_Java, id=1796, stack(0x23ec0000,0x23f40000)]
  0x22c4c400 JavaThread "AWT-Shutdown" [_thread_blocked, id=12892, stack(0x07aa0000,0x07b20000)]
  0x22c4b800 JavaThread "FelixPackageAdmin" daemon [_thread_blocked, id=1164, stack(0x241c0000,0x24240000)]
  0x22c4ac00 JavaThread "FelixStartLevel" daemon [_thread_blocked, id=6804, stack(0x24100000,0x24180000)]
  0x22c4bc00 JavaThread "FelixDispatchQueue" daemon [_thread_blocked, id=8220, stack(0x24040000,0x240c0000)]
  0x0f039000 JavaThread "com.google.common.base.internal.Finalizer" daemon [_thread_blocked, id=11536, stack(0x238f0000,0x23970000)]
  0x0f038000 JavaThread "AWT-Windows" daemon [_thread_blocked, id=12508, stack(0x07b60000,0x07be0000)]
  0x0f034800 JavaThread "Java2D Disposer" daemon [_thread_blocked, id=13112, stack(0x079e0000,0x07a60000)]
  0x21de6400 JavaThread "Timer-0" [_thread_blocked, id=12008, stack(0x07920000,0x079a0000)]
  0x21d94800 JavaThread "EventMgr Dispatcher" daemon [_thread_in_native, id=3764, stack(0x220a0000,0x228a0000)]
  0x0f02e400 JavaThread "Low Memory Detector" daemon [_thread_blocked, id=11660, stack(0x0fd40000,0x0fdc0000)]
  0x0f02d400 JavaThread "CompilerThread0" daemon [_thread_blocked, id=4836, stack(0x202a0000,0x20aa0000)]
  0x0f028000 JavaThread "Attach Listener" daemon [_thread_blocked, id=9296, stack(0x0fc40000,0x0fcc0000)]
  0x0f006000 JavaThread "Finalizer" daemon [_thread_blocked, id=3280, stack(0x0fb80000,0x0fc00000)]
  0x0f004c00 JavaThread "Reference Handler" daemon [_thread_blocked, id=10084, stack(0x0fac0000,0x0fb40000)]
  0x0ef87c00 JavaThread "main" [_thread_in_native, id=8084, stack(0x00430000,0x00c30000)]

Other Threads:
  0x0f001c00 VMThread [stack: 0x0f280000,0x0fa80000] [id=10948]
  0x0f03e800 WatcherThread [stack: 0x20aa0000,0x212a0000] [id=11300]

VM state:synchronizing (normal execution)

VM Mutex/Monitor currently owned by a thread:  ([mutex/lock_event])
[0x08c5e870] Safepoint_lock - owner thread: 0x0f001c00
[0x08c5e598] Threads_lock - owner thread: 0x0f001c00

Heap
 def new generation   total 29504K, used 25433K [0x122a0000, 0x142a0000, 0x142a0000)
  eden space 26240K,  95% used [0x122a0000, 0x13b26e00, 0x13c40000)
  from space 3264K,   9% used [0x13c40000, 0x13c8f778, 0x13f70000)
  to   space 3264K,   0% used [0x13f70000, 0x13f70000, 0x142a0000)
 tenured generation   total 98304K, used 90595K [0x142a0000, 0x1a2a0000, 0x1a2a0000)
   the space 98304K,  92% used [0x142a0000, 0x19b18f68, 0x19b19000, 0x1a2a0000)
 compacting perm gen  total 47360K, used 47300K [0x1a2a0000, 0x1d0e0000, 0x202a0000)
   the space 47360K,  99% used [0x1a2a0000, 0x1d0d1398, 0x1d0d1400, 0x1d0e0000)
No shared spaces configured.

Dynamic libraries:
0x00400000 - 0x00425000 	C:\Program Files (x86)\MATLAB\R2013a Student\bin\win32\MATLAB.exe
0x774c0000 - 0x7763b000 	C:\WINDOWS\SYSTEM32\ntdll.dll
0x771a0000 - 0x77280000 	C:\WINDOWS\SYSTEM32\KERNEL32.DLL
0x765c0000 - 0x7673e000 	C:\WINDOWS\SYSTEM32\KERNELBASE.dll
0x028d0000 - 0x02961000 	C:\Program Files (x86)\MATLAB\R2013a Student\bin\win32\libut.dll
0x7ee50000 - 0x7efa3000 	C:\Program Files (x86)\MATLAB\R2013a Student\bin\win32\libmwfl.dll
0x10000000 - 0x10296000 	C:\Program Files (x86)\MATLAB\R2013a Student\bin\win32\libmwservices.dll
0x7f270000 - 0x7f2f7000 	C:\Program Files (x86)\MATLAB\R2013a Student\bin\win32\mcr.dll
0x77280000 - 0x773cf000 	C:\WINDOWS\SYSTEM32\GDI32.dll
0x74e00000 - 0x74f47000 	C:\WINDOWS\SYSTEM32\USER32.dll
0x75170000 - 0x7656e000 	C:\WINDOWS\SYSTEM32\SHELL32.dll
0x76850000 - 0x7690e000 	C:\WINDOWS\SYSTEM32\msvcrt.dll
0x74cb0000 - 0x74ce7000 	C:\WINDOWS\SYSTEM32\cfgmgr32.dll
0x76bf0000 - 0x770ea000 	C:\WINDOWS\SYSTEM32\windows.storage.dll
0x74490000 - 0x7464d000 	C:\WINDOWS\SYSTEM32\combase.dll
0x74d40000 - 0x74ded000 	C:\WINDOWS\SYSTEM32\RPCRT4.dll
0x741f0000 - 0x7420e000 	C:\WINDOWS\SYSTEM32\SspiCli.dll
0x741e0000 - 0x741ea000 	C:\WINDOWS\SYSTEM32\CRYPTBASE.dll
0x75110000 - 0x75168000 	C:\WINDOWS\SYSTEM32\bcryptPrimitives.dll
0x769a0000 - 0x769e4000 	C:\WINDOWS\SYSTEM32\sechost.dll
0x74c30000 - 0x74cab000 	C:\WINDOWS\SYSTEM32\advapi32.dll
0x76570000 - 0x765b5000 	C:\WINDOWS\SYSTEM32\shlwapi.dll
0x74d20000 - 0x74d3b000 	C:\WINDOWS\SYSTEM32\imagehlp.dll
0x74210000 - 0x7421c000 	C:\WINDOWS\SYSTEM32\kernel.appcore.dll
0x76910000 - 0x7699d000 	C:\WINDOWS\SYSTEM32\shcore.dll
0x76840000 - 0x76846000 	C:\WINDOWS\SYSTEM32\PSAPI.DLL
0x76a20000 - 0x76a64000 	C:\WINDOWS\SYSTEM32\powrprof.dll
0x74df0000 - 0x74dff000 	C:\WINDOWS\SYSTEM32\profapi.dll
0x02970000 - 0x02aac000 	C:\Program Files (x86)\MATLAB\R2013a Student\bin\win32\mvm.dll
0x74220000 - 0x7430b000 	C:\WINDOWS\SYSTEM32\ole32.dll
0x026a0000 - 0x02709000 	C:\Program Files (x86)\MATLAB\R2013a Student\bin\win32\MSVCP100.dll
0x02710000 - 0x027cf000 	C:\Program Files (x86)\MATLAB\R2013a Student\bin\win32\MSVCR100.dll
0x7dce0000 - 0x7dd75000 	C:\Program Files (x86)\MATLAB\R2013a Student\bin\win32\libmwi18n.dll
0x74b20000 - 0x74c12000 	C:\WINDOWS\SYSTEM32\COMDLG32.dll
0x74ac0000 - 0x74b1e000 	C:\WINDOWS\SYSTEM32\FirewallAPI.dll
0x74d00000 - 0x74d13000 	C:\WINDOWS\SYSTEM32\NETAPI32.dll
0x74430000 - 0x7448f000 	C:\WINDOWS\SYSTEM32\WS2_32.dll
0x77100000 - 0x77192000 	C:\WINDOWS\SYSTEM32\OLEAUT32.dll
0x7d4b0000 - 0x7d83e000 	C:\Program Files (x86)\MATLAB\R2013a Student\bin\win32\iqm.dll
0x7e1c0000 - 0x7e1e7000 	C:\Program Files (x86)\MATLAB\R2013a Student\bin\win32\libmwbridge.dll
0x7db50000 - 0x7dc0c000 	C:\Program Files (x86)\MATLAB\R2013a Student\bin\win32\libmx.dll
0x73dc0000 - 0x73ddc000 	C:\Program Files (x86)\MATLAB\R2013a Student\bin\win32\libmex.dll
0x7df40000 - 0x7df78000 	C:\Program Files (x86)\MATLAB\R2013a Student\bin\win32\mpath.dll
0x72990000 - 0x72ea3000 	C:\Program Files (x86)\MATLAB\R2013a Student\bin\win32\mlutil.dll
0x7f630000 - 0x7f6b1000 	C:\Program Files (x86)\MATLAB\R2013a Student\bin\win32\m_dispatcher.dll
0x72390000 - 0x72540000 	C:\Program Files (x86)\MATLAB\R2013a Student\bin\win32\mcos.dll
0x7e6f0000 - 0x7e808000 	C:\Program Files (x86)\MATLAB\R2013a Student\bin\win32\libmwgui.dll
0x7be60000 - 0x7c5ac000 	C:\Program Files (x86)\MATLAB\R2013a Student\bin\win32\hg.dll
0x7d2e0000 - 0x7d39d000 	C:\Program Files (x86)\MATLAB\R2013a Student\bin\win32\hgutils.dll
0x02ab0000 - 0x03004000 	C:\Program Files (x86)\MATLAB\R2013a Student\bin\win32\m_interpreter.dll
0x7d9d0000 - 0x7da76000 	C:\Program Files (x86)\MATLAB\R2013a Student\bin\win32\jmi.dll
0x03010000 - 0x03098000 	C:\Program Files (x86)\MATLAB\R2013a Student\bin\win32\udd_mi.dll
0x055a0000 - 0x058c3000 	C:\Program Files (x86)\MATLAB\R2013a Student\bin\win32\libmwMATLAB_res.dll
0x030a0000 - 0x03345000 	C:\Program Files (x86)\MATLAB\R2013a Student\bin\win32\uiw.dll
0x73710000 - 0x73726000 	C:\Program Files (x86)\MATLAB\R2013a Student\bin\win32\mwoles05.DLL
0x7dc40000 - 0x7dc93000 	C:\Program Files (x86)\MATLAB\R2013a Student\bin\win32\comcli.dll
0x73e00000 - 0x73e0a000 	C:\Program Files (x86)\MATLAB\R2013a Student\bin\win32\mlautoregister.dll
0x001e0000 - 0x001ec000 	C:\Program Files (x86)\MATLAB\R2013a Student\bin\win32\boost_date_time-vc100-mt-1_49.dll
0x03350000 - 0x03375000 	C:\Program Files (x86)\MATLAB\R2013a Student\bin\win32\boost_filesystem-vc100-mt-1_49.dll
0x00c30000 - 0x00c3d000 	C:\Program Files (x86)\MATLAB\R2013a Student\bin\win32\boost_iostreams-vc100-mt-1_49.dll
0x033b0000 - 0x033b7000 	C:\Program Files (x86)\MATLAB\R2013a Student\bin\win32\boost_system-vc100-mt-1_49.dll
0x033d0000 - 0x033de000 	C:\Program Files (x86)\MATLAB\R2013a Student\bin\win32\boost_thread-vc100-mt-1_49.dll
0x03380000 - 0x033a8000 	C:\Program Files (x86)\MATLAB\R2013a Student\bin\win32\tbb.dll
0x033c0000 - 0x033cb000 	C:\Program Files (x86)\MATLAB\R2013a Student\bin\win32\libmwresource_core.dll
0x033f0000 - 0x034a4000 	C:\Program Files (x86)\MATLAB\R2013a Student\bin\win32\boost_regex-vc100-mt-1_49.dll
0x033e0000 - 0x033ee000 	C:\Program Files (x86)\MATLAB\R2013a Student\bin\win32\boost_signals-vc100-mt-1_49.dll
0x034b0000 - 0x03524000 	C:\Program Files (x86)\MATLAB\R2013a Student\bin\win32\boost_log-vc100-mt-1_49.dll
0x03550000 - 0x0358d000 	C:\Program Files (x86)\MATLAB\R2013a Student\bin\win32\libmwregexp.dll
0x03530000 - 0x03549000 	C:\Program Files (x86)\MATLAB\R2013a Student\bin\win32\libmwmfl_scalar.dll
0x03770000 - 0x0378f000 	C:\Program Files (x86)\MATLAB\R2013a Student\bin\win32\libmwMATLAB_settings_res.dll
0x03590000 - 0x03595000 	C:\Program Files (x86)\MATLAB\R2013a Student\bin\win32\libmwnativedisplay.dll
0x037f0000 - 0x0382e000 	C:\Program Files (x86)\MATLAB\R2013a Student\bin\win32\boost_serialization-vc100-mt-1_49.dll
0x732d0000 - 0x73362000 	C:\WINDOWS\WinSxS\x86_microsoft.windows.common-controls_6595b64144ccf1df_5.82.10586.0_none_811bc0006c44242b\COMCTL32.dll
0x035a0000 - 0x03760000 	C:\Program Files (x86)\MATLAB\R2013a Student\bin\win32\xerces-c_2_7.dll
0x7ea10000 - 0x7eb17000 	C:\Program Files (x86)\MATLAB\R2013a Student\bin\win32\icuuc49.dll
0x73db0000 - 0x73dbd000 	C:\Program Files (x86)\MATLAB\R2013a Student\bin\win32\icuio49.dll
0x73000000 - 0x7313f000 	C:\WINDOWS\SYSTEM32\dbghelp.dll
0x037a0000 - 0x037c1000 	C:\Program Files (x86)\MATLAB\R2013a Student\bin\win32\LIBEXPAT.dll
0x72eb0000 - 0x72ff9000 	C:\Program Files (x86)\MATLAB\R2013a Student\bin\win32\icuin49.dll
0x7f390000 - 0x7f421000 	C:\Program Files (x86)\MATLAB\R2013a Student\bin\win32\udd.dll
0x03830000 - 0x03848000 	C:\Program Files (x86)\MATLAB\R2013a Student\bin\win32\tbbmalloc.dll
0x03850000 - 0x03864000 	C:\Program Files (x86)\MATLAB\R2013a Student\bin\win32\zlib1.dll
0x03880000 - 0x038e2000 	C:\Program Files (x86)\MATLAB\R2013a Student\bin\win32\xmlcore.dll
0x7e040000 - 0x7e086000 	C:\Program Files (x86)\MATLAB\R2013a Student\bin\win32\libmat.dll
0x038f0000 - 0x03922000 	C:\Program Files (x86)\MATLAB\R2013a Student\bin\win32\libmwhardcopy.dll
0x7de70000 - 0x7deb8000 	C:\Program Files (x86)\MATLAB\R2013a Student\bin\win32\libuij.dll
0x03970000 - 0x03b42000 	C:\Program Files (x86)\MATLAB\R2013a Student\bin\win32\hgdatatypes.dll
0x03930000 - 0x03964000 	C:\Program Files (x86)\MATLAB\R2013a Student\bin\win32\libmwlapack.dll
0x03bc0000 - 0x03bed000 	C:\Program Files (x86)\MATLAB\R2013a Student\bin\win32\libmwgbtutils.dll
0x03bf0000 - 0x03c00000 	C:\Program Files (x86)\MATLAB\R2013a Student\bin\win32\libmwgbt.dll
0x77f70000 - 0x783a8000 	C:\Program Files (x86)\MATLAB\R2013a Student\bin\win32\mfc100.dll
0x03b50000 - 0x03bb7000 	C:\WINDOWS\SYSTEM32\WINSPOOL.DRV
0x73c10000 - 0x73c2d000 	C:\Program Files (x86)\MATLAB\R2013a Student\bin\win32\graphics_util.dll
0x7d8b0000 - 0x7d910000 	C:\Program Files (x86)\MATLAB\R2013a Student\bin\win32\profiler.dll
0x03c00000 - 0x03e6c000 	C:\Program Files (x86)\MATLAB\R2013a Student\bin\win32\libmwmathutil.dll
0x734f0000 - 0x7350f000 	C:\Program Files (x86)\MATLAB\R2013a Student\bin\win32\libmwmathrng.dll
0x73bf0000 - 0x73c07000 	C:\Program Files (x86)\MATLAB\R2013a Student\bin\win32\m_pcodeio.dll
0x03e70000 - 0x03eb9000 	C:\Program Files (x86)\MATLAB\R2013a Student\bin\win32\m_ir.dll
0x70000000 - 0x70590000 	C:\Program Files (x86)\MATLAB\R2013a Student\bin\win32\m_parser.dll
0x73690000 - 0x736b1000 	C:\Program Files (x86)\MATLAB\R2013a Student\bin\win32\m_pcodegen.dll
0x03ef0000 - 0x03f38000 	C:\Program Files (x86)\MATLAB\R2013a Student\bin\win32\libmwspmatrix.dll
0x03f40000 - 0x03f4c000 	C:\Program Files (x86)\MATLAB\R2013a Student\bin\win32\nativejava_services.dll
0x03ec0000 - 0x03ee6000 	C:\Program Files (x86)\MATLAB\R2013a Student\bin\win32\ATL100.DLL
0x73ee0000 - 0x73ee8000 	C:\Program Files (x86)\MATLAB\R2013a Student\bin\win32\uinone.dll
0x05280000 - 0x0529e000 	C:\Program Files (x86)\MATLAB\R2013a Student\bin\win32\libmwnativefiledialogs.dll
0x717e0000 - 0x717f6000 	C:\WINDOWS\SYSTEM32\MPR.dll
0x03f50000 - 0x05072000 	C:\Program Files (x86)\MATLAB\R2013a Student\bin\win32\icudt49.dll
0x05080000 - 0x05269000 	C:\Program Files (x86)\MATLAB\R2013a Student\bin\win32\hdf5dll.dll
0x73d30000 - 0x73d41000 	C:\Program Files (x86)\MATLAB\R2013a Student\bin\win32\libmwbinder.dll
0x73ea0000 - 0x73ea9000 	C:\Program Files (x86)\MATLAB\R2013a Student\bin\win32\libmwompwrapper.dll
0x052a0000 - 0x052a6000 	C:\WINDOWS\SYSTEM32\MSIMG32.dll
0x73cd0000 - 0x73ceb000 	C:\WINDOWS\SYSTEM32\bcrypt.dll
0x052b0000 - 0x05362000 	C:\Program Files (x86)\MATLAB\R2013a Student\bin\win32\libtex_base.dll
0x05370000 - 0x0537e000 	C:\Program Files (x86)\MATLAB\R2013a Student\bin\win32\libmwmfl_rng.dll
0x053b0000 - 0x0545b000 	C:\Program Files (x86)\MATLAB\R2013a Student\bin\win32\libmwmathcore.dll
0x05380000 - 0x05391000 	C:\Program Files (x86)\MATLAB\R2013a Student\bin\win32\ir_xfmr.dll
0x73e90000 - 0x73e9e000 	C:\Program Files (x86)\MATLAB\R2013a Student\bin\win32\mtok.dll
0x732c0000 - 0x732cb000 	C:\WINDOWS\SYSTEM32\DAVHLPR.DLL
0x053a0000 - 0x053a9000 	C:\Program Files (x86)\MATLAB\R2013a Student\bin\win32\libmwplatform_res.dll
0x05460000 - 0x054ab000 	C:\Program Files (x86)\MATLAB\R2013a Student\bin\win32\libmwcholmod.dll
0x73e70000 - 0x73e7a000 	C:\Program Files (x86)\MATLAB\R2013a Student\bin\win32\libmwamd.dll
0x73e80000 - 0x73e8a000 	C:\Program Files (x86)\MATLAB\R2013a Student\bin\win32\libmwcolamd.dll
0x05590000 - 0x0559b000 	C:\Program Files (x86)\MATLAB\R2013a Student\bin\win32\libmwblas.dll
0x054e0000 - 0x05583000 	C:\WINDOWS\WinSxS\x86_microsoft.vc90.crt_1fc8b3b9a1e18e3b_9.0.30729.9177_none_5093cc7abcb795e9\MSVCR90.dll
0x769f0000 - 0x76a1b000 	C:\WINDOWS\SYSTEM32\IMM32.DLL
0x73290000 - 0x732bd000 	C:\WINDOWS\SYSTEM32\fwbase.dll
0x735d0000 - 0x73645000 	C:\WINDOWS\SYSTEM32\UxTheme.dll
0x735b0000 - 0x735cd000 	C:\WINDOWS\system32\dwmapi.dll

VM Arguments:
jvm_args: -Xss512k -XX:PermSize=32m -Xms64m -XX:NewRatio=3 -XX:MaxPermSize=96m -Xmx128m -XX:MaxDirectMemorySize=1200000000 -Dsun.java2d.noddraw=true -Dsun.awt.nopixfmt=true -Xshare:off -Xrs -Dsun.awt.disableMixing=true -Djava.library.path=C:\Program Files (x86)\MATLAB\R2013a Student\bin\win32;C:\Program Files (x86)\MATLAB\R2013a Student\sys\jxbrowser\win32\lib vfprintf abort 
java_command: <unknown>
Launcher Type: generic

Environment Variables:
PATH=C:\ProgramData\Oracle\Java\javapath;C:\Program Files\Broadcom\Broadcom 802.11 Network Adapter\Driver;C:\Program Files (x86)\Intel\TXE Components\TCS\;C:\Program Files\Intel\TXE Components\TCS\;C:\WINDOWS\system32;C:\WINDOWS;C:\WINDOWS\System32\Wbem;C:\WINDOWS\System32\WindowsPowerShell\v1.0\;C:\Program Files\Intel\TXE Components\DAL\;C:\Program Files (x86)\Intel\TXE Components\DAL\;C:\Program Files\Intel\TXE Components\IPT\;C:\Program Files (x86)\Intel\TXE Components\IPT\;C:\Program Files (x86)\Windows Kits\8.1\Windows Performance Toolkit\;C:\Program Files (x86)\MATLAB\R2013a Student\bin;C:\Program Files (x86)\Skype\Phone\;C:\texlive\2015\bin\win32
USERNAME=Jordan
OS=Windows_NT
PROCESSOR_IDENTIFIER=Intel64 Family 6 Model 55 Stepping 8, GenuineIntel



---------------  S Y S T E M  ---------------

OS: Windows NT 6.2 Build 9200 

CPU:total 4 (8 cores per cpu, 2 threads per core) family 6 model 55 stepping 8, cmov, cx8, fxsr, mmx, sse, sse2, sse3, ssse3, sse4.1, sse4.2, ht

Memory: 4k page, physical 4074500k(1413524k free), swap 4194303k(4148392k free)

vm_info: Java HotSpot(TM) Client VM (14.3-b01) for windows-x86 JRE (1.6.0_17-b04), built on Oct 11 2009 00:52:06 by "java_re" with MS VC++ 7.1

time: Fri Jul 29 14:41:58 2016
elapsed time: 877793 seconds

